

> teacher@0.1.0 build /Users/hansejun/Desktop/practice/test-mz/apps/teacher
> next build

   [1m[38;2;173;127;168m▲ Next.js 15.2.1[39m[22m
   - Environments: .env.local

 [37m[1m [22m[39m Creating an optimized production build ...
 [32m[1m✓[22m[39m Compiled successfully
[?25l [37m[1m [22m[39m Linting and checking validity of types  [36m.[39m[2K[1G[1A[2K[1G [37m[1m [22m[39m Linting and checking validity of types  [36m..[39m[2K[1G[1A[2K[1G [37m[1m [22m[39m Linting and checking validity of types  [36m...[39m[2K[1G[1A[2K[1G [37m[1m [22m[39m Linting and checking validity of types  [36m.[39m[2K[1G[1A[2K[1G [37m[1m [22m[39m Linting and checking validity of types  [36m..[39m[2K[1G[1A[2K[1G [37m[1m [22m[39m Linting and checking validity of types  [36m...[39m[2K[1G[1A[2K[1G [37m[1m [22m[39m Linting and checking validity of types  [36m.[39m[2K[1G[1A[2K[1G[?25h [37m[1m [22m[39m Linting and checking validity of types     [32m[1m✓[22m[39m Linting and checking validity of types 
[?25l [37m[1m [22m[39m Collecting page data  [36m.[39m[2K[1G [37m[1m [22m[39m Collecting page data  [36m..[39m[2K[1G[?25h [37m[1m [22m[39m Collecting page data     [32m[1m✓[22m[39m Collecting page data 
[?25l [37m[1m [22m[39m Generating static pages (0/6)  [36m[    ][39m[2K[1G [37m[1m [22m[39m Generating static pages (0/6)  [36m[=   ][39m[2K[1G[?25h [32m[1m✓[22m[39m Generating static pages (6/6)
[?25l [37m[1m [22m[39m Finalizing page optimization  [36m.[39m[?25l [37m[1m [22m[39m Collecting build traces  [36m.[39m[2K[1G [37m[1m [22m[39m Finalizing page optimization  [36m..[39m[2K[1G [37m[1m [22m[39m Collecting build traces  [36m..[39m[2K[1G [37m[1m [22m[39m Finalizing page optimization  [36m...[39m[2K[1G [37m[1m [22m[39m Collecting build traces  [36m...[39m[2K[1G [37m[1m [22m[39m Finalizing page optimization  [36m.[39m[2K[1G [37m[1m [22m[39m Collecting build traces  [36m.[39m[2K[1G [37m[1m [22m[39m Finalizing page optimization  [36m..[39m[2K[1G [37m[1m [22m[39m Collecting build traces  [36m..[39m[2K[1G [37m[1m [22m[39m Finalizing page optimization  [36m...[39m[2K[1G [37m[1m [22m[39m Collecting build traces  [36m...[39m[2K[1G [37m[1m [22m[39m Finalizing page optimization  [36m.[39m[2K[1G [37m[1m [22m[39m Collecting build traces  [36m.[39m[2K[1G [37m[1m [22m[39m Finalizing page optimization  [36m..[39m[2K[1G [37m[1m [22m[39m Collecting build traces  [36m..[39m[2K[1G [37m[1m [22m[39m Finalizing page optimization  [36m...[39m[2K[1G [37m[1m [22m[39m Collecting build traces  [36m...[39m[2K[1G [37m[1m [22m[39m Finalizing page optimization  [36m.[39m[2K[1G [37m[1m [22m[39m Collecting build traces  [36m.[39m[2K[1G [37m[1m [22m[39m Finalizing page optimization  [36m..[39m[2K[1G [37m[1m [22m[39m Collecting build traces  [36m..[39m[2K[1G [37m[1m [22m[39m Finalizing page optimization  [36m...[39m[2K[1G [37m[1m [22m[39m Collecting build traces  [36m...[39m[2K[1G [37m[1m [22m[39m Finalizing page optimization  [36m.[39m[2K[1G [37m[1m [22m[39m Collecting build traces  [36m.[39m[2K[1G[?25h [37m[1m [22m[39m Collecting build traces     [32m[1m✓[22m[39m Collecting build traces 
[2K[1G[?25h [37m[1m [22m[39m Finalizing page optimization     [32m[1m✓[22m[39m Finalizing page optimization 

[4mRoute (app)[24m                                                [4mSize[24m  [4mFirst Load JS[24m  [4m[24m  [4m[24m
┌ ○ /                                                   5.88 kB         [37m[1m106 kB[22m[39m
├ ○ /_not-found                                           979 B         [37m[1m102 kB[22m[39m
├ ƒ /sign-in                                              566 B         [37m[1m101 kB[22m[39m
└ ƒ /teacher/organizations/[organizationId]/classrooms    172 B         [37m[1m104 kB[22m[39m
+ First Load JS shared by all                            [37m[1m101 kB[22m[39m
  ├ chunks/321-160592155b237b74.js                      45.4 kB
  ├ chunks/39f0e23d-8d14616f5d7a5e86.js                 53.3 kB
  └ other shared chunks (total)                         1.89 kB


○  (Static)   prerendered as static content
ƒ  (Dynamic)  server-rendered on demand

[?25h
